<?xml version="1.0" encoding="UTF-8"?>
<testng-results skipped="0" failed="0" ignored="0" total="3" passed="3">
  <reporter-output>
  </reporter-output>
  <suite name="Suite" duration-ms="18727" started-at="2023-05-13T18:26:49 BDT" finished-at="2023-05-13T18:27:08 BDT">
    <groups>
      <group name="cucumber">
        <method signature="AbstractTestNGCucumberTests.runScenario(io.cucumber.testng.PickleWrapper, io.cucumber.testng.FeatureWrapper)[pri:0, instance:TestRunner.CucumberRunner$CucumberRunnerTests@479d31f3]" name="runScenario" class="io.cucumber.testng.AbstractTestNGCucumberTests"/>
      </group> <!-- cucumber -->
    </groups>
    <test name="Cucumber Test Run" duration-ms="18727" started-at="2023-05-13T18:26:49 BDT" finished-at="2023-05-13T18:27:08 BDT">
      <class name="TestRunner.CucumberRunner$CucumberRunnerTests">
        <test-method status="PASS" signature="setUpClass()[pri:0, instance:TestRunner.CucumberRunner$CucumberRunnerTests@479d31f3]" name="setUpClass" is-config="true" duration-ms="1004" started-at="2023-05-13T18:26:49 BDT" finished-at="2023-05-13T18:26:50 BDT">
          <reporter-output>
          </reporter-output>
        </test-method> <!-- setUpClass -->
        <test-method status="PASS" signature="runScenario(io.cucumber.testng.PickleWrapper, io.cucumber.testng.FeatureWrapper)[pri:0, instance:TestRunner.CucumberRunner$CucumberRunnerTests@479d31f3]" name="runScenario" duration-ms="12681" started-at="2023-05-13T18:26:50 BDT" description="Runs Cucumber Scenarios" data-provider="scenarios" finished-at="2023-05-13T18:27:03 BDT">
          <params>
            <param index="0">
              <value>
                <![CDATA["Manager adds a customer"]]>
              </value>
            </param>
            <param index="1">
              <value>
                <![CDATA["Optional[Bank Manager Login (add customer)]"]]>
              </value>
            </param>
          </params>
          <reporter-output>
          </reporter-output>
        </test-method> <!-- runScenario -->
        <test-method status="PASS" signature="runScenario(io.cucumber.testng.PickleWrapper, io.cucumber.testng.FeatureWrapper)[pri:0, instance:TestRunner.CucumberRunner$CucumberRunnerTests@479d31f3]" name="runScenario" duration-ms="1146" started-at="2023-05-13T18:27:03 BDT" description="Runs Cucumber Scenarios" data-provider="scenarios" finished-at="2023-05-13T18:27:04 BDT">
          <params>
            <param index="0">
              <value>
                <![CDATA["Manager open an account"]]>
              </value>
            </param>
            <param index="1">
              <value>
                <![CDATA["Optional[Bank Manager Login (open account)]"]]>
              </value>
            </param>
          </params>
          <reporter-output>
          </reporter-output>
        </test-method> <!-- runScenario -->
        <test-method status="PASS" signature="runScenario(io.cucumber.testng.PickleWrapper, io.cucumber.testng.FeatureWrapper)[pri:0, instance:TestRunner.CucumberRunner$CucumberRunnerTests@479d31f3]" name="runScenario" duration-ms="3737" started-at="2023-05-13T18:27:04 BDT" description="Runs Cucumber Scenarios" data-provider="scenarios" finished-at="2023-05-13T18:27:08 BDT">
          <params>
            <param index="0">
              <value>
                <![CDATA["manager delete account"]]>
              </value>
            </param>
            <param index="1">
              <value>
                <![CDATA["Optional[Bank Manager Login (customers)]"]]>
              </value>
            </param>
          </params>
          <reporter-output>
          </reporter-output>
        </test-method> <!-- runScenario -->
        <test-method status="PASS" signature="tearDownClass()[pri:0, instance:TestRunner.CucumberRunner$CucumberRunnerTests@479d31f3]" name="tearDownClass" is-config="true" duration-ms="87" started-at="2023-05-13T18:27:08 BDT" finished-at="2023-05-13T18:27:08 BDT">
          <reporter-output>
          </reporter-output>
        </test-method> <!-- tearDownClass -->
      </class> <!-- TestRunner.CucumberRunner$CucumberRunnerTests -->
    </test> <!-- Cucumber Test Run -->
  </suite> <!-- Suite -->
</testng-results>
